Using pre-set license
Built from '2020.3/staging' branch; Version is '2020.3.9f1 (108be757e447) revision 1084391'; Using compiler version '192528614'; Build Type 'Release'
OS: 'Windows 10 Education; OS build 18363.1916; Version 1909; 64bit' Language: 'en' Physical Memory: 16266 MB
BatchMode: 1, IsHumanControllingUs: 0, StartBugReporterOnCrash: 0, Is64bit: 1, IsPro: 0

 COMMAND LINE ARGUMENTS:
Z:\2020.3.9f1\Editor\Unity.exe
-adb2
-batchMode
-noUpm
-name
AssetImportWorker0
-projectPath
C:/Users/Jesse/Desktop/Time for School!/Unity Projects/My project (1)
-logFile
Logs/AssetImportWorker0.log
-srvPort
60875
Successfully changed project path to: C:/Users/Jesse/Desktop/Time for School!/Unity Projects/My project (1)
C:/Users/Jesse/Desktop/Time for School!/Unity Projects/My project (1)
Using Asset Import Pipeline V2.
Refreshing native plugins compatible for Editor in 54.67 ms, found 0 plugins.
Preloading 0 native plugins for Editor in 0.00 ms.
Initialize engine version: 2020.3.9f1 (108be757e447)
[Subsystems] Discovering subsystems at path Z:/2020.3.9f1/Editor/Data/Resources/UnitySubsystems
[Subsystems] Discovering subsystems at path C:/Users/Jesse/Desktop/Time for School!/Unity Projects/My project (1)/Assets
GfxDevice: creating device client; threaded=0
Direct3D:
    Version:  Direct3D 11.0 [level 11.1]
    Renderer: NVIDIA GeForce GTX 1070 (ID=0x1b81)
    Vendor:   
    VRAM:     8088 MB
    Driver:   30.0.14.7212
Initialize mono
Mono path[0] = 'Z:/2020.3.9f1/Editor/Data/Managed'
Mono path[1] = 'Z:/2020.3.9f1/Editor/Data/MonoBleedingEdge/lib/mono/unityjit'
Mono config path = 'Z:/2020.3.9f1/Editor/Data/MonoBleedingEdge/etc'
Using monoOptions --debugger-agent=transport=dt_socket,embedding=1,server=y,suspend=n,address=127.0.0.1:56072
Begin MonoManager ReloadAssembly
Registering precompiled unity dll's ...
Register platform support module: Z:/2020.3.9f1/Editor/Data/PlaybackEngines/WindowsStandaloneSupport/UnityEditor.WindowsStandalone.Extensions.dll
Registered in 0.001839 seconds.
Native extension for WindowsStandalone target not found
Refreshing native plugins compatible for Editor in 47.10 ms, found 0 plugins.
Preloading 0 native plugins for Editor in 0.00 ms.
Mono: successfully reloaded assembly
- Completed reload, in  1.453 seconds
Platform modules already initialized, skipping
Registering precompiled user dll's ...
Registered in 0.004286 seconds.
Begin MonoManager ReloadAssembly
Native extension for WindowsStandalone target not found
Refreshing native plugins compatible for Editor in 0.56 ms, found 0 plugins.
Preloading 0 native plugins for Editor in 0.00 ms.
Mono: successfully reloaded assembly
- Completed reload, in  0.976 seconds
Platform modules already initialized, skipping
========================================================================
Worker process is ready to serve import requests
Launched and connected shader compiler UnityShaderCompiler.exe after 0.06 seconds
Refreshing native plugins compatible for Editor in 0.57 ms, found 0 plugins.
Preloading 0 native plugins for Editor in 0.00 ms.
Unloading 1657 Unused Serialized files (Serialized files now loaded: 0)
System memory in use before: 71.1 MB.
System memory in use after: 71.2 MB.

Unloading 50 unused Assets to reduce memory usage. Loaded Objects now: 2070.
Total: 5.422900 ms (FindLiveObjects: 0.290300 ms CreateObjectMapping: 0.157100 ms MarkObjects: 4.869200 ms  DeleteObjects: 0.105100 ms)

========================================================================
Received Import Request.
  path: Assets/Resources
  artifactKey: Guid(68aa3ea9c61e90e459b835557e260b85) Importer(815301076,1909f56bfc062723c751e8b465ee728b)
Start importing Assets/Resources using Guid(68aa3ea9c61e90e459b835557e260b85) Importer(815301076,1909f56bfc062723c751e8b465ee728b)  -> (artifact id: 'cc31d84655cd2a48acb3240b1b5cb3a9') in 0.011584 seconds
  Import took 0.015709 seconds .

========================================================================
Received Import Request.
  Time since last request: 0.000198 seconds.
  path: Assets/AudioPlayground.unity
  artifactKey: Guid(4bbe964f465c9ca45805b338400318a9) Importer(815301076,1909f56bfc062723c751e8b465ee728b)
Start importing Assets/AudioPlayground.unity using Guid(4bbe964f465c9ca45805b338400318a9) Importer(815301076,1909f56bfc062723c751e8b465ee728b)  -> (artifact id: 'af1202ebba361076b634ceae3ef12f5c') in 0.021364 seconds
  Import took 0.024736 seconds .

AssetImportWorkerClient::OnTransportError - code=2 error=End of file
