Using pre-set license
Built from '2020.3/staging' branch; Version is '2020.3.9f1 (108be757e447) revision 1084391'; Using compiler version '192528614'; Build Type 'Release'
OS: 'Windows 10 Education; OS build 18363.1916; Version 1909; 64bit' Language: 'en' Physical Memory: 16266 MB
BatchMode: 1, IsHumanControllingUs: 0, StartBugReporterOnCrash: 0, Is64bit: 1, IsPro: 0

 COMMAND LINE ARGUMENTS:
Z:\2020.3.9f1\Editor\Unity.exe
-adb2
-batchMode
-noUpm
-name
AssetImportWorker0
-projectPath
C:/Users/Jesse/Desktop/Time for School!/Unity Projects/My project (1)/AudioPlayground
-logFile
Logs/AssetImportWorker0.log
-srvPort
61054
Successfully changed project path to: C:/Users/Jesse/Desktop/Time for School!/Unity Projects/My project (1)/AudioPlayground
C:/Users/Jesse/Desktop/Time for School!/Unity Projects/My project (1)/AudioPlayground
Using Asset Import Pipeline V2.
Refreshing native plugins compatible for Editor in 54.05 ms, found 5 plugins.
Preloading 1 native plugins for Editor in 0.69 ms.
Initialize engine version: 2020.3.9f1 (108be757e447)
[Subsystems] Discovering subsystems at path Z:/2020.3.9f1/Editor/Data/Resources/UnitySubsystems
[Subsystems] Discovering subsystems at path C:/Users/Jesse/Desktop/Time for School!/Unity Projects/My project (1)/AudioPlayground/Assets
GfxDevice: creating device client; threaded=0
Direct3D:
    Version:  Direct3D 11.0 [level 11.1]
    Renderer: NVIDIA GeForce GTX 1070 (ID=0x1b81)
    Vendor:   
    VRAM:     8088 MB
    Driver:   30.0.14.7212
Initialize mono
Mono path[0] = 'Z:/2020.3.9f1/Editor/Data/Managed'
Mono path[1] = 'Z:/2020.3.9f1/Editor/Data/MonoBleedingEdge/lib/mono/unityjit'
Mono config path = 'Z:/2020.3.9f1/Editor/Data/MonoBleedingEdge/etc'
Using monoOptions --debugger-agent=transport=dt_socket,embedding=1,server=y,suspend=n,address=127.0.0.1:56908
Begin MonoManager ReloadAssembly
Registering precompiled unity dll's ...
Register platform support module: Z:/2020.3.9f1/Editor/Data/PlaybackEngines/WindowsStandaloneSupport/UnityEditor.WindowsStandalone.Extensions.dll
Registered in 0.001557 seconds.
Native extension for WindowsStandalone target not found
Refreshing native plugins compatible for Editor in 31.88 ms, found 5 plugins.
Preloading 1 native plugins for Editor in 0.08 ms.
Mono: successfully reloaded assembly
- Completed reload, in  1.973 seconds
Platform modules already initialized, skipping
Registering precompiled user dll's ...
Registered in 0.003652 seconds.
Begin MonoManager ReloadAssembly
Native extension for WindowsStandalone target not found
Refreshing native plugins compatible for Editor in 0.70 ms, found 5 plugins.
Preloading 1 native plugins for Editor in 0.19 ms.
Mono: successfully reloaded assembly
- Completed reload, in  1.144 seconds
Platform modules already initialized, skipping
========================================================================
Worker process is ready to serve import requests
Launched and connected shader compiler UnityShaderCompiler.exe after 0.09 seconds
Refreshing native plugins compatible for Editor in 0.42 ms, found 5 plugins.
Preloading 1 native plugins for Editor in 0.08 ms.
Unloading 1193 Unused Serialized files (Serialized files now loaded: 0)
System memory in use before: 59.7 MB.
System memory in use after: 59.8 MB.

Unloading 36 unused Assets to reduce memory usage. Loaded Objects now: 1609.
Total: 2.528300 ms (FindLiveObjects: 0.407700 ms CreateObjectMapping: 0.161200 ms MarkObjects: 1.857300 ms  DeleteObjects: 0.101000 ms)

========================================================================
Received Import Request.
  path: Assets/AudioPlayground.asset
  artifactKey: Guid(582ff226e531bf74aaca840b901a91c1) Importer(815301076,1909f56bfc062723c751e8b465ee728b)
Start importing Assets/AudioPlayground.asset using Guid(582ff226e531bf74aaca840b901a91c1) Importer(815301076,1909f56bfc062723c751e8b465ee728b)  -> (artifact id: '191131abb67bc320601c62321cf528d1') in 0.046050 seconds
  Import took 0.049038 seconds .

AssetImportWorkerClient::OnTransportError - code=2 error=End of file
